
> frontend@0.1.0 dev
> next dev

▲ Next.js 16.1.6 (Turbopack)
- Local:         http://localhost:3000
- Network:       http://172.20.10.4:3000
- Environments: .env.local

✓ Starting...
✓ Ready in 2.4s
 GET /patients 200 in 2.1s (compile: 1595ms, render: 476ms)
 GET /dashboard 200 in 217ms (compile: 106ms, render: 111ms)
 GET /patients 200 in 87ms (compile: 11ms, render: 76ms)
 GET /encounters 200 in 135ms (compile: 81ms, render: 54ms)
 GET /dashboard 200 in 59ms (compile: 9ms, render: 51ms)
 GET /patients 200 in 62ms (compile: 5ms, render: 56ms)
 GET /encounters 200 in 41ms (compile: 6ms, render: 35ms)
 GET /patients 200 in 439ms (compile: 13ms, render: 426ms)
 GET /dashboard 200 in 72ms (compile: 13ms, render: 59ms)
 GET /patients 200 in 48ms (compile: 9ms, render: 39ms)
 GET /encounters 200 in 53ms (compile: 8ms, render: 45ms)
 GET /patients 200 in 61ms (compile: 9ms, render: 52ms)
 GET /dashboard 200 in 59ms (compile: 8ms, render: 50ms)
 GET / 200 in 865ms (compile: 558ms, render: 306ms)
 GET / 200 in 73ms (compile: 8ms, render: 65ms)
 GET / 200 in 263ms (compile: 110ms, render: 152ms)
✓ Compiled in 906ms
✓ Compiled in 595ms
✓ Compiled in 804ms
✓ Compiled in 291ms
✓ Compiled in 309ms
✓ Compiled in 330ms
✓ Compiled in 1100ms
✓ Compiled in 691ms
✓ Compiled in 129ms
 GET / 200 in 1794ms (compile: 1212ms, render: 581ms)
 GET / 200 in 449ms (compile: 13ms, render: 436ms)
 GET / 200 in 360ms (compile: 23ms, render: 337ms)
 GET / 200 in 182ms (compile: 16ms, render: 166ms)
 GET / 200 in 97ms (compile: 12ms, render: 85ms)
 GET / 200 in 381ms (compile: 9ms, render: 372ms)
 GET / 200 in 386ms (compile: 10ms, render: 376ms)
 GET / 200 in 402ms (compile: 11ms, render: 391ms)
 GET / 200 in 420ms (compile: 21ms, render: 399ms)
 GET / 200 in 353ms (compile: 16ms, render: 337ms)
 GET / 200 in 353ms (compile: 11ms, render: 342ms)
 GET / 200 in 335ms (compile: 17ms, render: 318ms)
 GET / 200 in 296ms (compile: 14ms, render: 282ms)
 GET / 200 in 296ms (compile: 11ms, render: 284ms)
 GET / 200 in 275ms (compile: 11ms, render: 264ms)
 GET / 200 in 280ms (compile: 14ms, render: 266ms)
 GET / 200 in 222ms (compile: 13ms, render: 210ms)
 GET / 200 in 202ms (compile: 12ms, render: 190ms)
 GET / 200 in 204ms (compile: 12ms, render: 193ms)
 GET / 200 in 288ms (compile: 14ms, render: 274ms)
 GET / 200 in 331ms (compile: 12ms, render: 319ms)
 GET / 200 in 323ms (compile: 14ms, render: 309ms)
 GET / 200 in 306ms (compile: 18ms, render: 288ms)
 GET / 200 in 346ms (compile: 12ms, render: 334ms)
 GET / 200 in 333ms (compile: 10ms, render: 324ms)
 GET / 200 in 386ms (compile: 10ms, render: 376ms)
 GET / 200 in 340ms (compile: 20ms, render: 321ms)
 GET / 200 in 276ms (compile: 18ms, render: 259ms)
 GET / 200 in 259ms (compile: 18ms, render: 241ms)
 GET / 200 in 300ms (compile: 18ms, render: 282ms)
 GET / 200 in 345ms (compile: 19ms, render: 327ms)
 GET / 200 in 405ms (compile: 12ms, render: 393ms)
 GET / 200 in 647ms (compile: 13ms, render: 634ms)
 GET / 200 in 697ms (compile: 16ms, render: 681ms)
 GET / 200 in 698ms (compile: 14ms, render: 684ms)
 GET / 200 in 665ms (compile: 27ms, render: 638ms)
 GET / 200 in 421ms (compile: 23ms, render: 398ms)
 GET / 200 in 368ms (compile: 20ms, render: 348ms)
 GET / 200 in 334ms (compile: 26ms, render: 309ms)
 GET / 200 in 310ms (compile: 12ms, render: 298ms)
 GET / 200 in 319ms (compile: 11ms, render: 308ms)
 GET / 200 in 304ms (compile: 22ms, render: 282ms)
 GET / 200 in 288ms (compile: 15ms, render: 273ms)
 GET / 200 in 285ms (compile: 14ms, render: 271ms)
 GET / 200 in 282ms (compile: 11ms, render: 271ms)
 GET / 200 in 310ms (compile: 12ms, render: 298ms)
 GET / 200 in 341ms (compile: 13ms, render: 327ms)
 GET / 200 in 351ms (compile: 11ms, render: 340ms)
 GET / 200 in 349ms (compile: 13ms, render: 337ms)
 GET / 200 in 335ms (compile: 15ms, render: 320ms)
 GET / 200 in 365ms (compile: 11ms, render: 354ms)
 GET / 200 in 375ms (compile: 22ms, render: 354ms)
 GET / 200 in 578ms (compile: 12ms, render: 567ms)
 GET / 200 in 829ms (compile: 13ms, render: 816ms)
 GET / 200 in 727ms (compile: 18ms, render: 709ms)
 GET / 200 in 807ms (compile: 58ms, render: 749ms)
 GET / 200 in 605ms (compile: 58ms, render: 547ms)
 GET / 200 in 454ms (compile: 14ms, render: 440ms)
 GET / 200 in 353ms (compile: 24ms, render: 329ms)
 GET / 200 in 331ms (compile: 11ms, render: 320ms)
 GET / 200 in 360ms (compile: 9ms, render: 351ms)
 GET / 200 in 378ms (compile: 13ms, render: 365ms)
 GET / 200 in 388ms (compile: 15ms, render: 372ms)
 GET / 200 in 382ms (compile: 13ms, render: 369ms)
 GET / 200 in 348ms (compile: 23ms, render: 325ms)
 GET / 200 in 402ms (compile: 12ms, render: 390ms)
 GET / 200 in 572ms (compile: 13ms, render: 559ms)
 GET / 200 in 782ms (compile: 15ms, render: 767ms)
 GET / 200 in 974ms (compile: 26ms, render: 948ms)
 GET / 200 in 1073ms (compile: 27ms, render: 1046ms)
 GET / 200 in 944ms (compile: 65ms, render: 879ms)
 GET / 200 in 819ms (compile: 15ms, render: 805ms)
 GET / 200 in 744ms (compile: 25ms, render: 719ms)
 GET / 200 in 522ms (compile: 42ms, render: 481ms)
 GET / 200 in 411ms (compile: 14ms, render: 397ms)
 GET / 200 in 331ms (compile: 18ms, render: 313ms)
 GET / 200 in 295ms (compile: 15ms, render: 280ms)
 GET / 200 in 281ms (compile: 14ms, render: 267ms)
 GET / 200 in 271ms (compile: 12ms, render: 260ms)
 GET / 200 in 260ms (compile: 13ms, render: 247ms)
 GET / 200 in 271ms (compile: 11ms, render: 260ms)
 GET / 200 in 301ms (compile: 9ms, render: 292ms)
 GET / 200 in 427ms (compile: 8ms, render: 419ms)
 GET / 200 in 430ms (compile: 14ms, render: 416ms)
 GET / 200 in 405ms (compile: 13ms, render: 391ms)
 GET / 200 in 376ms (compile: 123ms, render: 253ms)
 GET / 200 in 260ms (compile: 13ms, render: 247ms)
 GET / 200 in 266ms (compile: 11ms, render: 255ms)
 GET / 200 in 273ms (compile: 10ms, render: 263ms)
 GET / 200 in 266ms (compile: 10ms, render: 257ms)
 GET / 200 in 259ms (compile: 14ms, render: 245ms)
 GET / 200 in 250ms (compile: 11ms, render: 239ms)
 GET / 200 in 256ms (compile: 9ms, render: 247ms)
 GET / 200 in 285ms (compile: 8ms, render: 277ms)
 GET / 200 in 304ms (compile: 11ms, render: 293ms)
 GET / 200 in 337ms (compile: 10ms, render: 327ms)
 GET / 200 in 322ms (compile: 10ms, render: 312ms)
 GET / 200 in 340ms (compile: 12ms, render: 329ms)
 GET / 200 in 318ms (compile: 12ms, render: 306ms)
 GET / 200 in 266ms (compile: 11ms, render: 255ms)
 GET / 200 in 263ms (compile: 10ms, render: 253ms)
 GET / 200 in 252ms (compile: 15ms, render: 238ms)
 GET / 200 in 242ms (compile: 12ms, render: 231ms)
 GET / 200 in 262ms (compile: 9ms, render: 253ms)
 GET / 200 in 255ms (compile: 12ms, render: 244ms)
 GET / 200 in 249ms (compile: 8ms, render: 241ms)
 GET / 200 in 232ms (compile: 9ms, render: 224ms)
 GET / 200 in 244ms (compile: 8ms, render: 236ms)
 GET / 200 in 248ms (compile: 13ms, render: 236ms)
 GET / 200 in 245ms (compile: 13ms, render: 232ms)
 GET / 200 in 267ms (compile: 9ms, render: 258ms)
 GET / 200 in 277ms (compile: 11ms, render: 266ms)
 GET / 200 in 282ms (compile: 10ms, render: 272ms)
 GET / 200 in 280ms (compile: 11ms, render: 270ms)
 GET / 200 in 262ms (compile: 20ms, render: 242ms)
 GET / 200 in 229ms (compile: 12ms, render: 217ms)
 GET / 200 in 219ms (compile: 11ms, render: 208ms)
 GET / 200 in 224ms (compile: 10ms, render: 214ms)
 GET / 200 in 236ms (compile: 9ms, render: 226ms)
 GET / 200 in 243ms (compile: 12ms, render: 231ms)
 GET / 200 in 313ms (compile: 11ms, render: 302ms)
 GET / 200 in 319ms (compile: 13ms, render: 305ms)
 GET / 200 in 336ms (compile: 11ms, render: 326ms)
 GET / 200 in 396ms (compile: 12ms, render: 383ms)
 GET / 200 in 279ms (compile: 14ms, render: 265ms)
 GET / 200 in 271ms (compile: 10ms, render: 262ms)
 GET / 200 in 269ms (compile: 15ms, render: 254ms)
 GET / 200 in 297ms (compile: 8ms, render: 289ms)
 GET / 200 in 338ms (compile: 12ms, render: 326ms)
 GET / 200 in 341ms (compile: 16ms, render: 324ms)
 GET / 200 in 334ms (compile: 11ms, render: 323ms)
 GET / 200 in 296ms (compile: 18ms, render: 278ms)
 GET / 200 in 276ms (compile: 16ms, render: 260ms)
 GET / 200 in 273ms (compile: 14ms, render: 259ms)
 GET / 200 in 274ms (compile: 12ms, render: 261ms)
 GET / 200 in 279ms (compile: 12ms, render: 266ms)
 GET / 200 in 266ms (compile: 18ms, render: 249ms)
 GET / 200 in 257ms (compile: 10ms, render: 248ms)
 GET / 200 in 261ms (compile: 7ms, render: 254ms)
 GET / 200 in 260ms (compile: 11ms, render: 248ms)
 GET / 200 in 270ms (compile: 12ms, render: 258ms)
 GET / 200 in 267ms (compile: 8ms, render: 259ms)
 GET / 200 in 268ms (compile: 12ms, render: 256ms)
 GET / 200 in 270ms (compile: 11ms, render: 259ms)
 GET / 200 in 264ms (compile: 14ms, render: 250ms)
 GET / 200 in 264ms (compile: 15ms, render: 249ms)
 GET / 200 in 250ms (compile: 9ms, render: 241ms)
 GET / 200 in 266ms (compile: 14ms, render: 253ms)
 GET / 200 in 259ms (compile: 13ms, render: 246ms)
 GET / 200 in 250ms (compile: 14ms, render: 236ms)
 GET / 200 in 249ms (compile: 9ms, render: 240ms)
 GET / 200 in 242ms (compile: 12ms, render: 231ms)
 GET / 200 in 248ms (compile: 14ms, render: 235ms)
 GET / 200 in 246ms (compile: 10ms, render: 236ms)
 GET / 200 in 190ms (compile: 14ms, render: 176ms)
 GET / 200 in 136ms (compile: 10ms, render: 125ms)
 GET / 200 in 137ms (compile: 10ms, render: 128ms)
 GET / 200 in 254ms (compile: 15ms, render: 239ms)
 GET / 200 in 252ms (compile: 13ms, render: 239ms)
 GET / 200 in 268ms (compile: 9ms, render: 259ms)
 GET / 200 in 278ms (compile: 9ms, render: 268ms)
 GET / 200 in 277ms (compile: 12ms, render: 265ms)
 GET / 200 in 311ms (compile: 13ms, render: 297ms)
 GET / 200 in 297ms (compile: 12ms, render: 285ms)
 GET / 200 in 292ms (compile: 16ms, render: 276ms)
 GET / 200 in 275ms (compile: 13ms, render: 262ms)
 GET / 200 in 285ms (compile: 11ms, render: 274ms)
 GET / 200 in 294ms (compile: 11ms, render: 283ms)
 GET / 200 in 244ms (compile: 9ms, render: 235ms)
 GET / 200 in 303ms (compile: 13ms, render: 291ms)
 GET / 200 in 255ms (compile: 8ms, render: 247ms)
 GET / 200 in 314ms (compile: 8ms, render: 306ms)
 GET / 200 in 295ms (compile: 11ms, render: 284ms)
 GET / 200 in 328ms (compile: 11ms, render: 318ms)
 GET / 200 in 319ms (compile: 11ms, render: 308ms)
 GET / 200 in 314ms (compile: 10ms, render: 304ms)
 GET / 200 in 322ms (compile: 30ms, render: 292ms)
 GET / 200 in 239ms (compile: 10ms, render: 229ms)
 GET / 200 in 246ms (compile: 9ms, render: 236ms)
 GET / 200 in 247ms (compile: 10ms, render: 236ms)
 GET / 200 in 251ms (compile: 10ms, render: 241ms)
 GET / 200 in 243ms (compile: 11ms, render: 232ms)
 GET / 200 in 262ms (compile: 23ms, render: 240ms)
 GET / 200 in 274ms (compile: 10ms, render: 264ms)
 GET / 200 in 277ms (compile: 10ms, render: 267ms)
 GET / 200 in 272ms (compile: 11ms, render: 260ms)
 GET / 200 in 269ms (compile: 12ms, render: 257ms)
 GET / 200 in 254ms (compile: 12ms, render: 243ms)
 GET / 200 in 268ms (compile: 8ms, render: 260ms)
 GET / 200 in 266ms (compile: 10ms, render: 256ms)
 GET / 200 in 256ms (compile: 9ms, render: 247ms)
 GET / 200 in 247ms (compile: 8ms, render: 239ms)
 GET / 200 in 254ms (compile: 11ms, render: 242ms)
 GET / 200 in 258ms (compile: 10ms, render: 248ms)
 GET / 200 in 268ms (compile: 11ms, render: 257ms)
 GET / 200 in 283ms (compile: 14ms, render: 269ms)
 GET / 200 in 269ms (compile: 11ms, render: 258ms)
 GET / 200 in 278ms (compile: 12ms, render: 266ms)
 GET / 200 in 277ms (compile: 13ms, render: 264ms)
 GET / 200 in 251ms (compile: 12ms, render: 240ms)
 GET / 200 in 254ms (compile: 8ms, render: 246ms)
 GET / 200 in 265ms (compile: 8ms, render: 257ms)
 GET / 200 in 283ms (compile: 8ms, render: 275ms)
 GET / 200 in 309ms (compile: 9ms, render: 301ms)
 GET / 200 in 320ms (compile: 17ms, render: 303ms)
 GET / 200 in 320ms (compile: 13ms, render: 307ms)
 GET / 200 in 339ms (compile: 11ms, render: 329ms)
 GET / 200 in 389ms (compile: 10ms, render: 380ms)
 GET / 200 in 380ms (compile: 12ms, render: 368ms)
 GET / 200 in 356ms (compile: 12ms, render: 344ms)
 GET / 200 in 336ms (compile: 14ms, render: 321ms)
 GET / 200 in 279ms (compile: 11ms, render: 268ms)
 GET / 200 in 286ms (compile: 7ms, render: 278ms)
 GET / 200 in 291ms (compile: 13ms, render: 278ms)
 GET / 200 in 295ms (compile: 12ms, render: 282ms)
 GET / 200 in 286ms (compile: 12ms, render: 274ms)
 GET / 200 in 270ms (compile: 14ms, render: 256ms)
 GET / 200 in 274ms (compile: 14ms, render: 259ms)
 GET / 200 in 273ms (compile: 14ms, render: 259ms)
 GET / 200 in 271ms (compile: 11ms, render: 261ms)
 GET / 200 in 264ms (compile: 8ms, render: 256ms)
 GET / 200 in 267ms (compile: 9ms, render: 258ms)
 GET / 200 in 339ms (compile: 15ms, render: 324ms)
 GET / 200 in 349ms (compile: 13ms, render: 336ms)
 GET / 200 in 295ms (compile: 12ms, render: 283ms)
 GET / 200 in 227ms (compile: 14ms, render: 213ms)
 GET / 200 in 155ms (compile: 8ms, render: 148ms)
 GET / 200 in 86ms (compile: 9ms, render: 77ms)
 GET /patients 200 in 3.2s (compile: 394ms, render: 2.8s)
 GET /encounters 200 in 971ms (compile: 643ms, render: 328ms)
 GET /encounters 200 in 117ms (compile: 18ms, render: 99ms)
○ Compiling /forms-builder ...
 GET /forms-builder 200 in 5.4s (compile: 4.8s, render: 567ms)
 GET /forms-builder 200 in 465ms (compile: 8ms, render: 457ms)
 GET /forms-builder 200 in 291ms (compile: 15ms, render: 276ms)
 GET /forms-builder 200 in 166ms (compile: 10ms, render: 155ms)
 GET /forms-builder 200 in 162ms (compile: 9ms, render: 153ms)
 GET /patients 200 in 93ms (compile: 9ms, render: 84ms)
 GET /dashboard 200 in 1135ms (compile: 745ms, render: 391ms)
 GET /dashboard 200 in 234ms (compile: 9ms, render: 224ms)
 GET /dashboard 200 in 217ms (compile: 12ms, render: 205ms)
 GET /patients 200 in 145ms (compile: 15ms, render: 131ms)
 GET /dashboard 200 in 173ms (compile: 10ms, render: 163ms)
 GET /patients 200 in 99ms (compile: 9ms, render: 90ms)
 GET /encounters 200 in 91ms (compile: 9ms, render: 82ms)
 GET /forms-builder 200 in 149ms (compile: 12ms, render: 137ms)
 GET /audit-center 200 in 1892ms (compile: 1389ms, render: 503ms)
 GET /audit-center 200 in 348ms (compile: 9ms, render: 338ms)
 GET /audit-center 200 in 200ms (compile: 8ms, render: 192ms)
 GET /integrations 200 in 1198ms (compile: 1085ms, render: 113ms)
 GET /integrations 200 in 112ms (compile: 9ms, render: 103ms)
 GET /crm 200 in 1195ms (compile: 1092ms, render: 103ms)
 GET /patients 200 in 135ms (compile: 10ms, render: 125ms)
 GET /dashboard 200 in 213ms (compile: 8ms, render: 205ms)
 GET /patients 200 in 126ms (compile: 9ms, render: 116ms)
 GET /encounters 200 in 83ms (compile: 11ms, render: 72ms)
 GET /forms-builder 200 in 125ms (compile: 10ms, render: 115ms)
 GET /dashboard 200 in 169ms (compile: 8ms, render: 161ms)
 GET /audit-center 200 in 279ms (compile: 69ms, render: 210ms)
 GET /patients 200 in 119ms (compile: 13ms, render: 106ms)
 GET /dashboard 200 in 182ms (compile: 27ms, render: 155ms)
 GET /encounters 200 in 111ms (compile: 16ms, render: 96ms)
 GET /patients 200 in 307ms (compile: 40ms, render: 266ms)
 GET /encounters 200 in 1634ms (compile: 422ms, render: 1211ms)
 GET /encounters 200 in 1213ms (compile: 48ms, render: 1165ms)
 GET /encounters 200 in 474ms (compile: 135ms, render: 339ms)
 GET /forms-builder 200 in 1629ms (compile: 180ms, render: 1449ms)
 GET /dashboard 200 in 329ms (compile: 37ms, render: 293ms)
 GET /patients 200 in 216ms (compile: 42ms, render: 174ms)
 GET /encounters 200 in 108ms (compile: 21ms, render: 87ms)
 GET /forms-builder 200 in 162ms (compile: 13ms, render: 150ms)
 GET /audit-center 200 in 248ms (compile: 38ms, render: 210ms)
 GET /audit-center 200 in 342ms (compile: 24ms, render: 319ms)
 GET /dashboard 200 in 197ms (compile: 9ms, render: 188ms)
 GET /forms-builder 200 in 241ms (compile: 25ms, render: 217ms)
 GET /patients 200 in 170ms (compile: 24ms, render: 146ms)
 GET /dashboard 200 in 173ms (compile: 32ms, render: 142ms)
 GET /patients 200 in 470ms (compile: 156ms, render: 314ms)
 GET /patients 200 in 144ms (compile: 37ms, render: 108ms)
 GET /encounters 200 in 136ms (compile: 16ms, render: 120ms)
 GET /patients 200 in 99ms (compile: 14ms, render: 85ms)
 GET /dashboard 200 in 264ms (compile: 35ms, render: 229ms)
 GET /dashboard 200 in 1769ms (compile: 323ms, render: 1446ms)
✓ Compiled in 1193ms
 GET /dashboard 200 in 3.6s (compile: 1168ms, render: 2.4s)
 GET /dashboard 200 in 1568ms (compile: 23ms, render: 1546ms)
 GET /dashboard 200 in 1537ms (compile: 41ms, render: 1496ms)
 GET /dashboard 200 in 1623ms (compile: 14ms, render: 1609ms)
 GET /dashboard 200 in 1439ms (compile: 312ms, render: 1127ms)
 GET /dashboard 200 in 711ms (compile: 10ms, render: 701ms)
 GET /dashboard 200 in 867ms (compile: 8ms, render: 858ms)
 GET /dashboard 200 in 962ms (compile: 17ms, render: 946ms)
 GET /dashboard 200 in 1117ms (compile: 11ms, render: 1106ms)
 GET /dashboard 200 in 1061ms (compile: 7ms, render: 1054ms)
 GET /dashboard 200 in 1175ms (compile: 16ms, render: 1158ms)
 GET /dashboard 200 in 1096ms (compile: 11ms, render: 1085ms)
 GET /dashboard 200 in 1328ms (compile: 14ms, render: 1314ms)
 GET /dashboard 200 in 1116ms (compile: 14ms, render: 1102ms)
 GET /dashboard 200 in 1089ms (compile: 11ms, render: 1078ms)
 GET /dashboard 200 in 1085ms (compile: 9ms, render: 1076ms)
 GET /dashboard 200 in 1030ms (compile: 109ms, render: 921ms)
 GET /dashboard 200 in 796ms (compile: 16ms, render: 780ms)
 GET /dashboard 200 in 817ms (compile: 14ms, render: 804ms)
 GET /dashboard 200 in 789ms (compile: 10ms, render: 780ms)
 GET /dashboard 200 in 679ms (compile: 12ms, render: 667ms)
 GET /dashboard 200 in 893ms (compile: 13ms, render: 880ms)
 GET /dashboard 200 in 850ms (compile: 12ms, render: 838ms)
 GET /dashboard 200 in 880ms (compile: 9ms, render: 871ms)
 GET /dashboard 200 in 902ms (compile: 11ms, render: 891ms)
 GET /dashboard 200 in 906ms (compile: 14ms, render: 892ms)
 GET /dashboard 200 in 895ms (compile: 9ms, render: 886ms)
 GET /dashboard 200 in 764ms (compile: 15ms, render: 750ms)
 GET /dashboard 200 in 770ms (compile: 8ms, render: 762ms)
 GET /dashboard 200 in 748ms (compile: 8ms, render: 739ms)
 GET /dashboard 200 in 734ms (compile: 11ms, render: 724ms)
 GET /dashboard 200 in 722ms (compile: 9ms, render: 713ms)
 GET /dashboard 200 in 666ms (compile: 10ms, render: 656ms)
 GET /dashboard 200 in 653ms (compile: 7ms, render: 645ms)
 GET /dashboard 200 in 691ms (compile: 8ms, render: 683ms)
 GET /dashboard 200 in 678ms (compile: 9ms, render: 669ms)
 GET /dashboard 200 in 716ms (compile: 8ms, render: 709ms)
 GET /dashboard 200 in 881ms (compile: 10ms, render: 871ms)
 GET /dashboard 200 in 865ms (compile: 9ms, render: 856ms)
 GET /dashboard 200 in 884ms (compile: 8ms, render: 876ms)
 GET /dashboard 200 in 863ms (compile: 9ms, render: 854ms)
 GET /dashboard 200 in 879ms (compile: 9ms, render: 869ms)
 GET /dashboard 200 in 827ms (compile: 15ms, render: 812ms)
 GET /dashboard 200 in 557ms (compile: 6ms, render: 551ms)
 GET /dashboard 200 in 460ms (compile: 7ms, render: 452ms)
 GET /dashboard 200 in 349ms (compile: 8ms, render: 342ms)
 GET /dashboard 200 in 248ms (compile: 8ms, render: 240ms)
 GET /dashboard 200 in 132ms (compile: 6ms, render: 126ms)
✓ Compiled in 1464ms
✓ Compiled in 369ms
✓ Compiled in 532ms
✓ Compiled in 145ms
✓ Finished writing to filesystem cache in 21.2s
 GET /dashboard 200 in 716ms (compile: 14ms, render: 703ms)
 GET /dashboard 200 in 172ms (compile: 18ms, render: 154ms)
 GET /dashboard 200 in 540ms (compile: 6ms, render: 535ms)
 GET /dashboard 200 in 333ms (compile: 39ms, render: 294ms)
 GET /dashboard 200 in 1691ms (compile: 640ms, render: 1051ms)
✓ Compiled in 620ms
✓ Compiled in 676ms
✓ Compiled in 146ms
✓ Compiled in 105ms
✓ Compiled in 83ms
✓ Finished writing to filesystem cache in 21.0s
 GET /encounters 200 in 2.0s (compile: 1229ms, render: 780ms)
