INFO:     Will watch for changes in these directories: ['C:\\VEHR']
INFO:     Uvicorn running on http://127.0.0.1:8000 (Press CTRL+C to quit)
INFO:     Started reloader process [75008] using StatReload
C:\VEHR\app\api\v1\endpoints\forms.py:36: UserWarning: Field name "schema_json" in "FormTemplateCreate" shadows an attribute in parent "BaseModel"
  class FormTemplateCreate(BaseModel):
C:\VEHR\app\api\v1\endpoints\forms.py:36: UserWarning: Field name "schema" in "FormTemplateCreate" shadows an attribute in parent "BaseModel"
  class FormTemplateCreate(BaseModel):
C:\VEHR\app\api\v1\endpoints\forms.py:44: UserWarning: Field name "schema_json" in "FormTemplateRead" shadows an attribute in parent "BaseModel"
  class FormTemplateRead(BaseModel):
INFO:     Started server process [78284]
INFO:     Waiting for application startup.
INFO:     Application startup complete.
WARNING:  StatReload detected changes in 'app\api\v1\endpoints\uploads.py'. Reloading...
INFO:     Shutting down
INFO:     Waiting for application shutdown.
INFO:     Application shutdown complete.
INFO:     Finished server process [78284]
C:\VEHR\app\api\v1\endpoints\forms.py:36: UserWarning: Field name "schema_json" in "FormTemplateCreate" shadows an attribute in parent "BaseModel"
  class FormTemplateCreate(BaseModel):
C:\VEHR\app\api\v1\endpoints\forms.py:36: UserWarning: Field name "schema" in "FormTemplateCreate" shadows an attribute in parent "BaseModel"
  class FormTemplateCreate(BaseModel):
C:\VEHR\app\api\v1\endpoints\forms.py:44: UserWarning: Field name "schema_json" in "FormTemplateRead" shadows an attribute in parent "BaseModel"
  class FormTemplateRead(BaseModel):
INFO:     Started server process [48888]
INFO:     Waiting for application startup.
INFO:     Application startup complete.
WARNING:  StatReload detected changes in 'tests\test_tenant_rbac_hardening.py'. Reloading...
INFO:     Shutting down
INFO:     Waiting for application shutdown.
INFO:     Application shutdown complete.
INFO:     Finished server process [48888]
C:\VEHR\app\api\v1\endpoints\forms.py:36: UserWarning: Field name "schema_json" in "FormTemplateCreate" shadows an attribute in parent "BaseModel"
  class FormTemplateCreate(BaseModel):
C:\VEHR\app\api\v1\endpoints\forms.py:36: UserWarning: Field name "schema" in "FormTemplateCreate" shadows an attribute in parent "BaseModel"
  class FormTemplateCreate(BaseModel):
C:\VEHR\app\api\v1\endpoints\forms.py:44: UserWarning: Field name "schema_json" in "FormTemplateRead" shadows an attribute in parent "BaseModel"
  class FormTemplateRead(BaseModel):
INFO:     Started server process [77208]
INFO:     Waiting for application startup.
INFO:     Application startup complete.
WARNING:  StatReload detected changes in 'app\core\rbac.py'. Reloading...
INFO:     Shutting down
INFO:     Waiting for application shutdown.
INFO:     Application shutdown complete.
INFO:     Finished server process [77208]
C:\VEHR\app\api\v1\endpoints\forms.py:36: UserWarning: Field name "schema_json" in "FormTemplateCreate" shadows an attribute in parent "BaseModel"
  class FormTemplateCreate(BaseModel):
C:\VEHR\app\api\v1\endpoints\forms.py:36: UserWarning: Field name "schema" in "FormTemplateCreate" shadows an attribute in parent "BaseModel"
  class FormTemplateCreate(BaseModel):
C:\VEHR\app\api\v1\endpoints\forms.py:44: UserWarning: Field name "schema_json" in "FormTemplateRead" shadows an attribute in parent "BaseModel"
  class FormTemplateRead(BaseModel):
INFO:     Started server process [13396]
INFO:     Waiting for application startup.
INFO:     Application startup complete.
WARNING:  StatReload detected changes in 'app\db\models\audit_event.py'. Reloading...
INFO:     Shutting down
INFO:     Waiting for application shutdown.
INFO:     Application shutdown complete.
INFO:     Finished server process [13396]
C:\VEHR\app\api\v1\endpoints\forms.py:36: UserWarning: Field name "schema_json" in "FormTemplateCreate" shadows an attribute in parent "BaseModel"
  class FormTemplateCreate(BaseModel):
C:\VEHR\app\api\v1\endpoints\forms.py:36: UserWarning: Field name "schema" in "FormTemplateCreate" shadows an attribute in parent "BaseModel"
  class FormTemplateCreate(BaseModel):
C:\VEHR\app\api\v1\endpoints\forms.py:44: UserWarning: Field name "schema_json" in "FormTemplateRead" shadows an attribute in parent "BaseModel"
  class FormTemplateRead(BaseModel):
INFO:     Started server process [88420]
INFO:     Waiting for application startup.
INFO:     Application startup complete.
WARNING:  StatReload detected changes in 'app\services\clinical_audit.py'. Reloading...
INFO:     Shutting down
INFO:     Waiting for application shutdown.
INFO:     Application shutdown complete.
INFO:     Finished server process [88420]
C:\VEHR\app\api\v1\endpoints\forms.py:36: UserWarning: Field name "schema_json" in "FormTemplateCreate" shadows an attribute in parent "BaseModel"
  class FormTemplateCreate(BaseModel):
C:\VEHR\app\api\v1\endpoints\forms.py:36: UserWarning: Field name "schema" in "FormTemplateCreate" shadows an attribute in parent "BaseModel"
  class FormTemplateCreate(BaseModel):
C:\VEHR\app\api\v1\endpoints\forms.py:44: UserWarning: Field name "schema_json" in "FormTemplateRead" shadows an attribute in parent "BaseModel"
  class FormTemplateRead(BaseModel):
INFO:     Started server process [87808]
INFO:     Waiting for application startup.
INFO:     Application startup complete.
WARNING:  StatReload detected changes in 'tests\test_clinical_audit_contract.py'. Reloading...
INFO:     Shutting down
INFO:     Waiting for application shutdown.
INFO:     Application shutdown complete.
INFO:     Finished server process [87808]
C:\VEHR\app\api\v1\endpoints\forms.py:36: UserWarning: Field name "schema_json" in "FormTemplateCreate" shadows an attribute in parent "BaseModel"
  class FormTemplateCreate(BaseModel):
C:\VEHR\app\api\v1\endpoints\forms.py:36: UserWarning: Field name "schema" in "FormTemplateCreate" shadows an attribute in parent "BaseModel"
  class FormTemplateCreate(BaseModel):
C:\VEHR\app\api\v1\endpoints\forms.py:44: UserWarning: Field name "schema_json" in "FormTemplateRead" shadows an attribute in parent "BaseModel"
  class FormTemplateRead(BaseModel):
INFO:     Started server process [76356]
INFO:     Waiting for application startup.
INFO:     Application startup complete.
WARNING:  StatReload detected changes in 'app\db\models\form_template.py'. Reloading...
INFO:     Shutting down
INFO:     Waiting for application shutdown.
INFO:     Application shutdown complete.
INFO:     Finished server process [76356]
C:\VEHR\app\api\v1\endpoints\forms.py:40: UserWarning: Field name "schema_json" in "FormTemplateCreate" shadows an attribute in parent "BaseModel"
  class FormTemplateCreate(BaseModel):
C:\VEHR\app\api\v1\endpoints\forms.py:40: UserWarning: Field name "schema" in "FormTemplateCreate" shadows an attribute in parent "BaseModel"
  class FormTemplateCreate(BaseModel):
C:\VEHR\app\api\v1\endpoints\forms.py:49: UserWarning: Field name "schema_json" in "FormTemplateUpdate" shadows an attribute in parent "BaseModel"
  class FormTemplateUpdate(BaseModel):
C:\VEHR\app\api\v1\endpoints\forms.py:49: UserWarning: Field name "schema" in "FormTemplateUpdate" shadows an attribute in parent "BaseModel"
  class FormTemplateUpdate(BaseModel):
C:\VEHR\app\api\v1\endpoints\forms.py:56: UserWarning: Field name "schema_json" in "FormTemplateRead" shadows an attribute in parent "BaseModel"
  class FormTemplateRead(BaseModel):
INFO:     Started server process [91460]
INFO:     Waiting for application startup.
INFO:     Application startup complete.
WARNING:  StatReload detected changes in 'alembic\versions\7b2d7b3c1a45_add_orgs_auth.py'. Reloading...
INFO:     Shutting down
INFO:     Waiting for application shutdown.
INFO:     Application shutdown complete.
INFO:     Finished server process [91460]
C:\VEHR\app\api\v1\endpoints\forms.py:40: UserWarning: Field name "schema_json" in "FormTemplateCreate" shadows an attribute in parent "BaseModel"
  class FormTemplateCreate(BaseModel):
C:\VEHR\app\api\v1\endpoints\forms.py:40: UserWarning: Field name "schema" in "FormTemplateCreate" shadows an attribute in parent "BaseModel"
  class FormTemplateCreate(BaseModel):
C:\VEHR\app\api\v1\endpoints\forms.py:49: UserWarning: Field name "schema_json" in "FormTemplateUpdate" shadows an attribute in parent "BaseModel"
  class FormTemplateUpdate(BaseModel):
C:\VEHR\app\api\v1\endpoints\forms.py:49: UserWarning: Field name "schema" in "FormTemplateUpdate" shadows an attribute in parent "BaseModel"
  class FormTemplateUpdate(BaseModel):
C:\VEHR\app\api\v1\endpoints\forms.py:56: UserWarning: Field name "schema_json" in "FormTemplateRead" shadows an attribute in parent "BaseModel"
  class FormTemplateRead(BaseModel):
INFO:     Started server process [2072]
INFO:     Waiting for application startup.
INFO:     Application startup complete.
WARNING:  StatReload detected changes in 'app\db\models\audit_event.py'. Reloading...
INFO:     Shutting down
INFO:     Waiting for application shutdown.
INFO:     Application shutdown complete.
INFO:     Finished server process [2072]
INFO:     Started server process [46468]
INFO:     Waiting for application startup.
INFO:     Application startup complete.
WARNING:  StatReload detected changes in 'tests\test_clinical_audit_contract.py'. Reloading...
INFO:     Shutting down
INFO:     Waiting for application shutdown.
INFO:     Application shutdown complete.
INFO:     Finished server process [46468]
INFO:     Started server process [79568]
INFO:     Waiting for application startup.
INFO:     Application startup complete.
WARNING:  StatReload detected changes in 'app\core\security.py'. Reloading...
INFO:     Shutting down
INFO:     Waiting for application shutdown.
INFO:     Application shutdown complete.
INFO:     Finished server process [79568]
INFO:     Started server process [94148]
INFO:     Waiting for application startup.
INFO:     Application startup complete.
WARNING:  StatReload detected changes in 'alembic\versions\e7c4f1a2b3d4_add_services_enrollments_notes.py'. Reloading...
INFO:     Shutting down
INFO:     Waiting for application shutdown.
INFO:     Application shutdown complete.
INFO:     Finished server process [94148]
INFO:     Started server process [81440]
INFO:     Waiting for application startup.
INFO:     Application startup complete.
WARNING:  StatReload detected changes in 'app\db\models\organization.py'. Reloading...
INFO:     Shutting down
INFO:     Waiting for application shutdown.
INFO:     Application shutdown complete.
INFO:     Finished server process [81440]
INFO:     Started server process [47904]
INFO:     Waiting for application startup.
INFO:     Application startup complete.
WARNING:  StatReload detected changes in 'app\db\models\organization_tile.py'. Reloading...
INFO:     Shutting down
INFO:     Waiting for application shutdown.
INFO:     Application shutdown complete.
INFO:     Finished server process [47904]
INFO:     Started server process [43240]
INFO:     Waiting for application startup.
INFO:     Application startup complete.
WARNING:  StatReload detected changes in 'app\db\models\__init__.py'. Reloading...
INFO:     Shutting down
INFO:     Waiting for application shutdown.
INFO:     Application shutdown complete.
INFO:     Finished server process [43240]
INFO:     Started server process [86312]
INFO:     Waiting for application startup.
INFO:     Application startup complete.
WARNING:  StatReload detected changes in 'app\api\v1\endpoints\patient_chart.py'. Reloading...
INFO:     Shutting down
INFO:     Waiting for application shutdown.
INFO:     Application shutdown complete.
INFO:     Finished server process [86312]
INFO:     Started server process [78548]
INFO:     Waiting for application startup.
INFO:     Application startup complete.
WARNING:  StatReload detected changes in 'app\db\models\__init__.py'. Reloading...
INFO:     Shutting down
INFO:     Waiting for application shutdown.
INFO:     Application shutdown complete.
INFO:     Finished server process [78548]
INFO:     Started server process [43612]
INFO:     Waiting for application startup.
INFO:     Application startup complete.
WARNING:  StatReload detected changes in 'app\api\v1\endpoints\auth.py'. Reloading...
INFO:     Shutting down
INFO:     Waiting for application shutdown.
INFO:     Application shutdown complete.
INFO:     Finished server process [43612]
INFO:     Started server process [47576]
INFO:     Waiting for application startup.
INFO:     Application startup complete.
WARNING:  StatReload detected changes in 'app\db\models\patient_note.py'. Reloading...
INFO:     Shutting down
INFO:     Waiting for application shutdown.
INFO:     Application shutdown complete.
INFO:     Finished server process [47576]
INFO:     Started server process [93324]
INFO:     Waiting for application startup.
INFO:     Application startup complete.
WARNING:  StatReload detected changes in 'app\api\v1\endpoints\services.py'. Reloading...
INFO:     Shutting down
INFO:     Waiting for application shutdown.
INFO:     Application shutdown complete.
INFO:     Finished server process [93324]
INFO:     Started server process [13556]
INFO:     Waiting for application startup.
INFO:     Application startup complete.
Traceback (most recent call last):
  File "<frozen ntpath>", line 738, in realpath
OSError: [WinError 1450] Insufficient system resources exist to complete the requested service: 'C:\\VEHR\\.venv313\\Lib\\site-packages\\pip\\_vendor\\resolvelib\\reporters.py'

During handling of the above exception, another exception occurred:

Traceback (most recent call last):
  File "<frozen runpy>", line 198, in _run_module_as_main
  File "<frozen runpy>", line 88, in _run_code
  File "C:\VEHR\.venv\Lib\site-packages\uvicorn\__main__.py", line 4, in <module>
    uvicorn.main()
    ~~~~~~~~~~~~^^
  File "C:\VEHR\.venv\Lib\site-packages\click\core.py", line 1485, in __call__
    return self.main(*args, **kwargs)
           ~~~~~~~~~^^^^^^^^^^^^^^^^^
  File "C:\VEHR\.venv\Lib\site-packages\click\core.py", line 1406, in main
    rv = self.invoke(ctx)
  File "C:\VEHR\.venv\Lib\site-packages\click\core.py", line 1269, in invoke
    return ctx.invoke(self.callback, **ctx.params)
           ~~~~~~~~~~^^^^^^^^^^^^^^^^^^^^^^^^^^^^^
  File "C:\VEHR\.venv\Lib\site-packages\click\core.py", line 824, in invoke
    return callback(*args, **kwargs)
  File "C:\VEHR\.venv\Lib\site-packages\uvicorn\main.py", line 424, in main
    run(
    ~~~^
        app,
        ^^^^
    ...<46 lines>...
        h11_max_incomplete_event_size=h11_max_incomplete_event_size,
        ^^^^^^^^^^^^^^^^^^^^^^^^^^^^^^^^^^^^^^^^^^^^^^^^^^^^^^^^^^^^
    )
    ^
  File "C:\VEHR\.venv\Lib\site-packages\uvicorn\main.py", line 589, in run
    ChangeReload(config, target=server.run, sockets=[sock]).run()
    ~~~~~~~~~~~~~~~~~~~~~~~~~~~~~~~~~~~~~~~~~~~~~~~~~~~~~~~~~~~^^
  File "C:\VEHR\.venv\Lib\site-packages\uvicorn\supervisors\basereload.py", line 52, in run
    for changes in self:
                   ^^^^
  File "C:\VEHR\.venv\Lib\site-packages\uvicorn\supervisors\basereload.py", line 71, in __next__
    return self.should_restart()
           ~~~~~~~~~~~~~~~~~~~^^
  File "C:\VEHR\.venv\Lib\site-packages\uvicorn\supervisors\statreload.py", line 31, in should_restart
    for file in self.iter_py_files():
                ~~~~~~~~~~~~~~~~~~^^
  File "C:\VEHR\.venv\Lib\site-packages\uvicorn\supervisors\statreload.py", line 52, in iter_py_files
    yield path.resolve()
          ~~~~~~~~~~~~^^
  File "C:\Python314\Lib\pathlib\__init__.py", line 943, in resolve
    return self.with_segments(os.path.realpath(self, strict=strict))
                              ~~~~~~~~~~~~~~~~^^^^^^^^^^^^^^^^^^^^^
  File "<frozen ntpath>", line 750, in realpath
  File "<frozen ntpath>", line 675, in _getfinalpathname_nonstrict
OSError: [WinError 1450] Insufficient system resources exist to complete the requested service: 'C:\\VEHR\\.venv313\\Lib\\site-packages\\pip\\_vendor\\resolvelib\\reporters.py'
ERROR:    Traceback (most recent call last):
  File "C:\Python314\Lib\asyncio\runners.py", line 204, in run
    return runner.run(main)
           ~~~~~~~~~~^^^^^^
  File "C:\Python314\Lib\asyncio\runners.py", line 127, in run
    return self._loop.run_until_complete(task)
           ~~~~~~~~~~~~~~~~~~~~~~~~~~~~~^^^^^^
  File "C:\Python314\Lib\asyncio\base_events.py", line 706, in run_until_complete
    self.run_forever()
    ~~~~~~~~~~~~~~~~^^
  File "C:\Python314\Lib\asyncio\base_events.py", line 677, in run_forever
    self._run_once()
    ~~~~~~~~~~~~~~^^
  File "C:\Python314\Lib\asyncio\base_events.py", line 2008, in _run_once
    event_list = self._selector.select(timeout)
  File "C:\Python314\Lib\selectors.py", line 314, in select
    r, w, _ = self._select(self._readers, self._writers, [], timeout)
              ~~~~~~~~~~~~^^^^^^^^^^^^^^^^^^^^^^^^^^^^^^^^^^^^^^^^^^^
  File "C:\Python314\Lib\selectors.py", line 305, in _select
    r, w, x = select.select(r, w, w, timeout)
              ~~~~~~~~~~~~~^^^^^^^^^^^^^^^^^^
OSError: [WinError 10055] An operation on a socket could not be performed because the system lacked sufficient buffer space or because a queue was full

During handling of the above exception, another exception occurred:

Traceback (most recent call last):
  File "C:\VEHR\.venv\Lib\site-packages\starlette\routing.py", line 701, in lifespan
    await receive()
  File "C:\VEHR\.venv\Lib\site-packages\uvicorn\lifespan\on.py", line 137, in receive
    return await self.receive_queue.get()
           ^^^^^^^^^^^^^^^^^^^^^^^^^^^^^^
  File "C:\Python314\Lib\asyncio\queues.py", line 186, in get
    await getter
asyncio.exceptions.CancelledError

Process SpawnProcess-21:
Traceback (most recent call last):
  File "C:\Python314\Lib\multiprocessing\process.py", line 320, in _bootstrap
    self.run()
    ~~~~~~~~^^
  File "C:\Python314\Lib\multiprocessing\process.py", line 108, in run
    self._target(*self._args, **self._kwargs)
    ~~~~~~~~~~~~^^^^^^^^^^^^^^^^^^^^^^^^^^^^^
  File "C:\VEHR\.venv\Lib\site-packages\uvicorn\_subprocess.py", line 80, in subprocess_started
    target(sockets=sockets)
    ~~~~~~^^^^^^^^^^^^^^^^^
  File "C:\VEHR\.venv\Lib\site-packages\uvicorn\server.py", line 67, in run
    return asyncio_run(self.serve(sockets=sockets), loop_factory=self.config.get_loop_factory())
  File "C:\Python314\Lib\asyncio\runners.py", line 204, in run
    return runner.run(main)
           ~~~~~~~~~~^^^^^^
  File "C:\Python314\Lib\asyncio\runners.py", line 127, in run
    return self._loop.run_until_complete(task)
           ~~~~~~~~~~~~~~~~~~~~~~~~~~~~~^^^^^^
  File "C:\Python314\Lib\asyncio\base_events.py", line 706, in run_until_complete
    self.run_forever()
    ~~~~~~~~~~~~~~~~^^
  File "C:\Python314\Lib\asyncio\base_events.py", line 677, in run_forever
    self._run_once()
    ~~~~~~~~~~~~~~^^
  File "C:\Python314\Lib\asyncio\base_events.py", line 2008, in _run_once
    event_list = self._selector.select(timeout)
  File "C:\Python314\Lib\selectors.py", line 314, in select
    r, w, _ = self._select(self._readers, self._writers, [], timeout)
              ~~~~~~~~~~~~^^^^^^^^^^^^^^^^^^^^^^^^^^^^^^^^^^^^^^^^^^^
  File "C:\Python314\Lib\selectors.py", line 305, in _select
    r, w, x = select.select(r, w, w, timeout)
              ~~~~~~~~~~~~~^^^^^^^^^^^^^^^^^^
OSError: [WinError 10055] An operation on a socket could not be performed because the system lacked sufficient buffer space or because a queue was full
